torch.cuda.is_available(): True
INFO: Dataset loaded. Length: 151
INFO: Encodec and Mert models loaded.
INFO: Model created: AudioTransformerDecoder(
  (tgt_embedding): Embedding(1024, 8)
  (mem_fc): Linear(in_features=1536, out_features=64, bias=True)
  (pe): PositionalEncoding(
    (dropout): Dropout(p=0.1, inplace=False)
  )
  (transformer_decoder): TransformerDecoder(
    (layers): ModuleList(
      (0-3): 4 x TransformerDecoderLayer(
        (self_attn): MultiheadAttention(
          (out_proj): NonDynamicallyQuantizableLinear(in_features=64, out_features=64, bias=True)
        )
        (multihead_attn): MultiheadAttention(
          (out_proj): NonDynamicallyQuantizableLinear(in_features=64, out_features=64, bias=True)
        )
        (linear1): Linear(in_features=64, out_features=256, bias=True)
        (dropout): Dropout(p=0.1, inplace=False)
        (linear2): Linear(in_features=256, out_features=64, bias=True)
        (norm1): LayerNorm((64,), eps=1e-05, elementwise_affine=True)
        (norm2): LayerNorm((64,), eps=1e-05, elementwise_affine=True)
        (norm3): LayerNorm((64,), eps=1e-05, elementwise_affine=True)
        (dropout1): Dropout(p=0.1, inplace=False)
        (dropout2): Dropout(p=0.1, inplace=False)
        (dropout3): Dropout(p=0.1, inplace=False)
      )
    )
  )
  (fc_output): Linear(in_features=64, out_features=8192, bias=True)
)
Multiple GPUs available, using: 2
